<?xml version="1.0" encoding="UTF-8"?>
<testsuite name="RomanTest" tests="2" skipped="0" failures="0" errors="0" timestamp="2017-07-17T06:18:59" hostname="GEDWDARTTC4" time="0.0">
  <properties/>
  <testcase name="IntToRomanTest1" classname="RomanTest" time="0.0"/>
  <testcase name="IntToRomanTest2" classname="RomanTest" time="0.0"/>
  <system-out><![CDATA[]]></system-out>
  <system-err><![CDATA[]]></system-err>
</testsuite>
